<?xml version="1.0" encoding="UTF-8"?>
<!-- Generated by org.testng.reporters.JUnitXMLReporter -->
<testsuite ignored="3" hostname="AbhiSelva" failures="0" tests="0" time="0.019" errors="0" timestamp="2022-03-28T17:05:01 IST">
  <testcase classname="test.CarLoan" name="@BeforeTest beforetestcarloan" time="-1.648467301905E9">
    <failure type="org.testng.TestNGException" message="
Parameter &amp;apos;URL&amp;apos; is required by BeforeTest on method beforetestcarloan but has not been marked @Optional or defined
in C:\Users\sabhi\AppData\Local\Temp\testng-eclipse-2146359647\testng-customsuite.xml">
      <![CDATA[org.testng.TestNGException: 
Parameter 'URL' is required by BeforeTest on method beforetestcarloan but has not been marked @Optional or defined
in C:\Users\sabhi\AppData\Local\Temp\testng-eclipse-2146359647\testng-customsuite.xml
at org.testng.internal.Parameters.createParams(Parameters.java:270)
at org.testng.internal.Parameters.createParametersForMethod(Parameters.java:358)
at org.testng.internal.Parameters.createParameters(Parameters.java:700)
at org.testng.internal.Parameters.createConfigurationParameters(Parameters.java:168)
at org.testng.internal.ConfigInvoker.invokeConfigurations(ConfigInvoker.java:302)
at org.testng.TestRunner.invokeTestConfigurations(TestRunner.java:637)
at org.testng.TestRunner.beforeRun(TestRunner.java:627)
at org.testng.TestRunner.run(TestRunner.java:589)
at org.testng.SuiteRunner.runTest(SuiteRunner.java:377)
at org.testng.SuiteRunner.runSequentially(SuiteRunner.java:371)
at org.testng.SuiteRunner.privateRun(SuiteRunner.java:332)
at org.testng.SuiteRunner.run(SuiteRunner.java:276)
at org.testng.SuiteRunnerWorker.runSuite(SuiteRunnerWorker.java:53)
at org.testng.SuiteRunnerWorker.run(SuiteRunnerWorker.java:96)
at org.testng.TestNG.runSuitesSequentially(TestNG.java:1212)
at org.testng.TestNG.runSuitesLocally(TestNG.java:1134)
at org.testng.TestNG.runSuites(TestNG.java:1063)
at org.testng.TestNG.run(TestNG.java:1031)
at org.testng.remote.AbstractRemoteTestNG.run(AbstractRemoteTestNG.java:115)
at org.testng.remote.RemoteTestNG.initAndRun(RemoteTestNG.java:251)
at org.testng.remote.RemoteTestNG.main(RemoteTestNG.java:77)
]]>
    </failure>
  </testcase> <!-- @BeforeTest beforetestcarloan -->
  <testcase classname="test.CarLoan" name="@AfterTest aftertestcarloan" time="-1.648467301918E9">
    <skipped/>
  </testcase> <!-- @AfterTest aftertestcarloan -->
  <testcase classname="test.CarLoan" name="mobilecarloan" time="0.0">
    <ignored/>
  </testcase> <!-- mobilecarloan -->
  <testcase classname="test.CarLoan" name="apicarloan" time="0.0">
    <ignored/>
  </testcase> <!-- apicarloan -->
  <testcase classname="test.CarLoan" name="webcarloan" time="0.0">
    <ignored/>
  </testcase> <!-- webcarloan -->
</testsuite>
